<?xml version="1.0" encoding="utf-8"?><testsuites name="pytest tests"><testsuite name="pytest" errors="0" failures="0" skipped="0" tests="40" time="34.158" timestamp="2026-04-21T01:06:38.374395+00:00" hostname="agent-env-6da6781e-68c8-4457-b587-1b4596fb0467"><testcase classname="backend_test" name="test_root_health" time="0.181" /><testcase classname="backend_test" name="test_sidecar_health" time="0.003" /><testcase classname="backend_test" name="test_register_and_welcome_bonus" time="0.279" /><testcase classname="backend_test" name="test_register_duplicate_email" time="0.321" /><testcase classname="backend_test" name="test_login_success" time="0.274" /><testcase classname="backend_test" name="test_login_invalid" time="0.267" /><testcase classname="backend_test" name="test_auth_me" time="0.045" /><testcase classname="backend_test" name="test_auth_me_unauthorized" time="0.048" /><testcase classname="backend_test" name="test_dashboard_stats" time="0.054" /><testcase classname="backend_test" name="test_create_contact_valid" time="0.047" /><testcase classname="backend_test" name="test_create_contact_invalid_phone" time="0.048" /><testcase classname="backend_test" name="test_list_contacts" time="0.047" /><testcase classname="backend_test" name="test_csv_import" time="0.130" /><testcase classname="backend_test" name="test_create_template" time="0.046" /><testcase classname="backend_test" name="test_list_templates" time="0.045" /><testcase classname="backend_test" name="test_create_whatsapp_session" time="0.046" /><testcase classname="backend_test" name="test_list_whatsapp_sessions" time="0.052" /><testcase classname="backend_test" name="test_session_limit_enforced" time="0.571" /><testcase classname="backend_test" name="test_connect_session_real_baileys" time="1.185" /><testcase classname="backend_test" name="test_webhook_requires_secret" time="0.122" /><testcase classname="backend_test" name="test_webhook_wrong_secret" time="0.112" /><testcase classname="backend_test" name="test_webhook_event_connected_updates_db" time="0.656" /><testcase classname="backend_test" name="test_webhook_event_logged_out_clears_phone" time="0.679" /><testcase classname="backend_test" name="test_webhook_event_qr_updates_db" time="0.688" /><testcase classname="backend_test" name="test_webhook_event_incoming_message_marks_replied" time="9.772" /><testcase classname="backend_test" name="test_connect_bad_session_404" time="0.049" /><testcase classname="backend_test" name="test_disconnect_session" time="0.073" /><testcase classname="backend_test" name="test_create_campaign" time="0.046" /><testcase classname="backend_test" name="test_start_campaign_simulation_fallback" time="10.117" /><testcase classname="backend_test" name="test_start_campaign_without_contacts_fails" time="0.143" /><testcase classname="backend_test" name="test_start_campaign_without_session_fails" time="0.155" /><testcase classname="backend_test" name="test_reports" time="0.044" /><testcase classname="backend_test" name="test_credits_balance" time="0.046" /><testcase classname="backend_test" name="test_recharge_min_limit" time="0.044" /><testcase classname="backend_test" name="test_recharge_success" time="0.137" /><testcase classname="backend_test" name="test_ai_suggest" time="6.249" /><testcase classname="backend_test" name="test_zz_delete_reply_campaign" time="0.054" /><testcase classname="backend_test" name="test_zz_delete_campaign" time="0.052" /><testcase classname="backend_test" name="test_zz_delete_template" time="0.047" /><testcase classname="backend_test" name="test_zz_delete_session_cleans_sidecar" time="1.069" /></testsuite></testsuites>